{
"contracts/DelegatedAccessRegistry.sol":{"l":{"28":14,"32":12,"37":12,"38":1,"41":12,"43":11,"48":11,"52":12,"53":10,"54":10,"55":10,"56":10,"60":2,"61":1,"62":1,"63":1,"64":1,"68":5,"72":2,"76":4,"80":13,"84":50,"88":9,"92":7,"96":1,"97":1,"98":2,"100":1,"104":1,"105":1,"106":2,"108":1,"112":1,"113":1,"114":3,"116":1},"path":"/home/bearni/streamr/network-contracts.git/packages/chat-contracts/contracts/DelegatedAccessRegistry.sol","s":{"1":14,"2":12,"3":12,"4":12,"5":12,"6":1,"7":12,"8":11,"9":11,"10":12,"11":10,"12":10,"13":10,"14":10,"15":2,"16":1,"17":1,"18":1,"19":1,"20":5,"21":2,"22":4,"23":13,"24":50,"25":9,"26":7,"27":1,"28":1,"29":2,"30":1,"31":1,"32":1,"33":2,"34":1,"35":1,"36":1,"37":3,"38":1},"b":{"1":[12,2],"2":[1,11],"3":[11,1],"4":[10,2],"5":[1,1]},"f":{"1":18,"2":14,"3":12,"4":2,"5":5,"6":2,"7":4,"8":13,"9":50,"10":9,"11":7,"12":1,"13":1,"14":1},"fnMap":{"1":{"name":"constructor","line":21,"loc":{"start":{"line":21,"column":4},"end":{"line":21,"column":28}}},"2":{"name":"verifyDelegationChallenge","line":23,"loc":{"start":{"line":23,"column":4},"end":{"line":49,"column":4}}},"3":{"name":"authorize","line":51,"loc":{"start":{"line":51,"column":4},"end":{"line":57,"column":4}}},"4":{"name":"revoke","line":59,"loc":{"start":{"line":59,"column":4},"end":{"line":65,"column":4}}},"5":{"name":"isUserAuthorized","line":67,"loc":{"start":{"line":67,"column":4},"end":{"line":69,"column":4}}},"6":{"name":"isAuthorized","line":71,"loc":{"start":{"line":71,"column":4},"end":{"line":73,"column":4}}},"7":{"name":"getMainWalletFor","line":75,"loc":{"start":{"line":75,"column":4},"end":{"line":77,"column":4}}},"8":{"name":"getDelegatedWalletFor","line":79,"loc":{"start":{"line":79,"column":4},"end":{"line":81,"column":4}}},"9":{"name":"isMainWallet","line":83,"loc":{"start":{"line":83,"column":4},"end":{"line":85,"column":4}}},"10":{"name":"isDelegatedWallet","line":87,"loc":{"start":{"line":87,"column":4},"end":{"line":89,"column":4}}},"11":{"name":"isWalletKnown","line":91,"loc":{"start":{"line":91,"column":4},"end":{"line":93,"column":4}}},"12":{"name":"areMainWallets","line":95,"loc":{"start":{"line":95,"column":4},"end":{"line":101,"column":4}}},"13":{"name":"areDelegatedWallets","line":103,"loc":{"start":{"line":103,"column":4},"end":{"line":109,"column":4}}},"14":{"name":"areWalletsKnown","line":111,"loc":{"start":{"line":111,"column":4},"end":{"line":117,"column":4}}}},"statementMap":{"1":{"start":{"line":28,"column":8},"end":{"line":28,"column":67}},"2":{"start":{"line":30,"column":8},"end":{"line":30,"column":17}},"3":{"start":{"line":30,"column":19},"end":{"line":30,"column":28}},"4":{"start":{"line":30,"column":30},"end":{"line":30,"column":37}},"5":{"start":{"line":37,"column":8},"end":{"line":37,"column":1268}},"6":{"start":{"line":38,"column":12},"end":{"line":38,"column":18}},"7":{"start":{"line":41,"column":8},"end":{"line":41,"column":63}},"8":{"start":{"line":43,"column":8},"end":{"line":43,"column":1399}},"9":{"start":{"line":48,"column":8},"end":{"line":48,"column":64}},"10":{"start":{"line":52,"column":8},"end":{"line":52,"column":126}},"11":{"start":{"line":53,"column":8},"end":{"line":53,"column":60}},"12":{"start":{"line":54,"column":8},"end":{"line":54,"column":60}},"13":{"start":{"line":55,"column":8},"end":{"line":55,"column":39}},"14":{"start":{"line":56,"column":8},"end":{"line":56,"column":53}},"15":{"start":{"line":60,"column":8},"end":{"line":60,"column":123}},"16":{"start":{"line":61,"column":8},"end":{"line":61,"column":58}},"17":{"start":{"line":62,"column":8},"end":{"line":62,"column":60}},"18":{"start":{"line":63,"column":8},"end":{"line":63,"column":40}},"19":{"start":{"line":64,"column":8},"end":{"line":64,"column":50}},"20":{"start":{"line":68,"column":8},"end":{"line":68,"column":66}},"21":{"start":{"line":72,"column":8},"end":{"line":72,"column":61}},"22":{"start":{"line":76,"column":8},"end":{"line":76,"column":53}},"23":{"start":{"line":80,"column":8},"end":{"line":80,"column":48}},"24":{"start":{"line":84,"column":8},"end":{"line":84,"column":34}},"25":{"start":{"line":88,"column":8},"end":{"line":88,"column":61}},"26":{"start":{"line":92,"column":8},"end":{"line":92,"column":64}},"27":{"start":{"line":96,"column":8},"end":{"line":96,"column":63}},"28":{"start":{"line":97,"column":8},"end":{"line":97,"column":3671}},"29":{"start":{"line":98,"column":12},"end":{"line":98,"column":49}},"30":{"start":{"line":100,"column":8},"end":{"line":100,"column":18}},"31":{"start":{"line":104,"column":8},"end":{"line":104,"column":63}},"32":{"start":{"line":105,"column":8},"end":{"line":105,"column":3992}},"33":{"start":{"line":106,"column":12},"end":{"line":106,"column":54}},"34":{"start":{"line":108,"column":8},"end":{"line":108,"column":18}},"35":{"start":{"line":112,"column":8},"end":{"line":112,"column":63}},"36":{"start":{"line":113,"column":8},"end":{"line":113,"column":4310}},"37":{"start":{"line":114,"column":12},"end":{"line":114,"column":50}},"38":{"start":{"line":116,"column":8},"end":{"line":116,"column":18}}},"branchMap":{"1":{"line":28,"type":"if","locations":[{"start":{"line":28,"column":8},"end":{"line":28,"column":8}},{"start":{"line":28,"column":8},"end":{"line":28,"column":8}}]},"2":{"line":37,"type":"if","locations":[{"start":{"line":37,"column":8},"end":{"line":37,"column":8}},{"start":{"line":37,"column":8},"end":{"line":37,"column":8}}]},"3":{"line":41,"type":"if","locations":[{"start":{"line":41,"column":8},"end":{"line":41,"column":8}},{"start":{"line":41,"column":8},"end":{"line":41,"column":8}}]},"4":{"line":52,"type":"if","locations":[{"start":{"line":52,"column":8},"end":{"line":52,"column":8}},{"start":{"line":52,"column":8},"end":{"line":52,"column":8}}]},"5":{"line":60,"type":"if","locations":[{"start":{"line":60,"column":8},"end":{"line":60,"column":8}},{"start":{"line":60,"column":8},"end":{"line":60,"column":8}}]}}},
"contracts/Deployers/ERC1155PolicyDeployer.sol":{"l":{"27":2,"37":2,"38":2},"path":"/home/bearni/streamr/network-contracts.git/packages/chat-contracts/contracts/Deployers/ERC1155PolicyDeployer.sol","s":{"1":2,"2":2,"3":2},"b":{},"f":{"1":3,"2":2},"fnMap":{"1":{"name":"constructor","line":17,"loc":{"start":{"line":9,"column":4},"end":{"line":17,"column":6}}},"2":{"name":"deploy","line":19,"loc":{"start":{"line":19,"column":4},"end":{"line":45,"column":4}}}},"statementMap":{"1":{"start":{"line":27,"column":8},"end":{"line":27,"column":782}},"2":{"start":{"line":37,"column":8},"end":{"line":37,"column":50}},"3":{"start":{"line":38,"column":8},"end":{"line":38,"column":1148}}},"branchMap":{}},
"contracts/Deployers/ERC20PolicyDeployer.sol":{"l":{"27":2,"36":2,"37":2},"path":"/home/bearni/streamr/network-contracts.git/packages/chat-contracts/contracts/Deployers/ERC20PolicyDeployer.sol","s":{"1":2,"2":2,"3":2},"b":{},"f":{"1":3,"2":2},"fnMap":{"1":{"name":"constructor","line":17,"loc":{"start":{"line":9,"column":4},"end":{"line":17,"column":6}}},"2":{"name":"deploy","line":19,"loc":{"start":{"line":19,"column":4},"end":{"line":44,"column":4}}}},"statementMap":{"1":{"start":{"line":27,"column":8},"end":{"line":27,"column":782}},"2":{"start":{"line":36,"column":8},"end":{"line":36,"column":50}},"3":{"start":{"line":37,"column":8},"end":{"line":37,"column":1122}}},"branchMap":{}},
"contracts/Deployers/ERC721PolicyDeployer.sol":{"l":{"27":2,"36":2,"37":2},"path":"/home/bearni/streamr/network-contracts.git/packages/chat-contracts/contracts/Deployers/ERC721PolicyDeployer.sol","s":{"1":2,"2":2,"3":2},"b":{},"f":{"1":3,"2":2},"fnMap":{"1":{"name":"constructor","line":17,"loc":{"start":{"line":9,"column":4},"end":{"line":17,"column":6}}},"2":{"name":"deploy","line":19,"loc":{"start":{"line":19,"column":4},"end":{"line":44,"column":4}}}},"statementMap":{"1":{"start":{"line":27,"column":8},"end":{"line":27,"column":784}},"2":{"start":{"line":36,"column":8},"end":{"line":36,"column":50}},"3":{"start":{"line":37,"column":8},"end":{"line":37,"column":1127}}},"branchMap":{}},
"contracts/Deployers/ERC777PolicyDeployer.sol":{"l":{"27":2,"36":2,"37":2},"path":"/home/bearni/streamr/network-contracts.git/packages/chat-contracts/contracts/Deployers/ERC777PolicyDeployer.sol","s":{"1":2,"2":2,"3":2},"b":{},"f":{"1":3,"2":2},"fnMap":{"1":{"name":"constructor","line":17,"loc":{"start":{"line":9,"column":4},"end":{"line":17,"column":6}}},"2":{"name":"deploy","line":19,"loc":{"start":{"line":19,"column":4},"end":{"line":44,"column":4}}}},"statementMap":{"1":{"start":{"line":27,"column":8},"end":{"line":27,"column":784}},"2":{"start":{"line":36,"column":8},"end":{"line":36,"column":50}},"3":{"start":{"line":37,"column":8},"end":{"line":37,"column":1126}}},"branchMap":{}},
"contracts/Deployers/TokenGateDeployer.sol":{"l":{"19":12,"20":12,"21":12},"path":"/home/bearni/streamr/network-contracts.git/packages/chat-contracts/contracts/Deployers/TokenGateDeployer.sol","s":{"1":12,"2":12,"3":12},"b":{},"f":{"1":12},"fnMap":{"1":{"name":"constructor","line":14,"loc":{"start":{"line":14,"column":4},"end":{"line":22,"column":4}}}},"statementMap":{"1":{"start":{"line":19,"column":8},"end":{"line":19,"column":64}},"2":{"start":{"line":20,"column":8},"end":{"line":20,"column":53}},"3":{"start":{"line":21,"column":8},"end":{"line":21,"column":71}}},"branchMap":{}},
"contracts/JoinPolicies/ERC1155JoinPolicy.sol":{"l":{"38":9,"39":8,"40":8,"41":8,"42":8,"46":6,"47":3,"59":1,"60":1,"61":1,"62":1,"73":3,"74":2,"75":2,"76":1,"77":1},"path":"/home/bearni/streamr/network-contracts.git/packages/chat-contracts/contracts/JoinPolicies/ERC1155JoinPolicy.sol","s":{"1":9,"2":8,"3":8,"4":8,"5":8,"6":6,"7":1,"8":1,"9":1,"10":1,"11":3,"12":2,"13":2,"14":1,"15":1},"b":{"1":[8,1],"2":[3,3],"3":[1,1]},"f":{"1":9,"2":6,"3":1,"4":3},"fnMap":{"1":{"name":"constructor","line":37,"loc":{"start":{"line":22,"column":4},"end":{"line":43,"column":4}}},"2":{"name":"canJoin","line":45,"loc":{"start":{"line":45,"column":4},"end":{"line":48,"column":4}}},"3":{"name":"depositStake","line":57,"loc":{"start":{"line":50,"column":4},"end":{"line":63,"column":4}}},"4":{"name":"withdrawStake","line":71,"loc":{"start":{"line":65,"column":4},"end":{"line":79,"column":4}}}},"statementMap":{"1":{"start":{"line":38,"column":8},"end":{"line":38,"column":65}},"2":{"start":{"line":39,"column":8},"end":{"line":39,"column":47}},"3":{"start":{"line":40,"column":8},"end":{"line":40,"column":25}},"4":{"start":{"line":41,"column":8},"end":{"line":41,"column":37}},"5":{"start":{"line":42,"column":8},"end":{"line":42,"column":88}},"6":{"start":{"line":46,"column":8},"end":{"line":46,"column":101}},"7":{"start":{"line":59,"column":8},"end":{"line":59,"column":77}},"8":{"start":{"line":60,"column":8},"end":{"line":60,"column":71}},"9":{"start":{"line":61,"column":8},"end":{"line":61,"column":91}},"10":{"start":{"line":62,"column":8},"end":{"line":62,"column":42}},"11":{"start":{"line":73,"column":8},"end":{"line":73,"column":77}},"12":{"start":{"line":74,"column":8},"end":{"line":74,"column":72}},"13":{"start":{"line":75,"column":8},"end":{"line":75,"column":2437}},"14":{"start":{"line":76,"column":12},"end":{"line":76,"column":95}},"15":{"start":{"line":77,"column":12},"end":{"line":77,"column":46}}},"branchMap":{"1":{"line":38,"type":"if","locations":[{"start":{"line":38,"column":8},"end":{"line":38,"column":8}},{"start":{"line":38,"column":8},"end":{"line":38,"column":8}}]},"2":{"line":46,"type":"if","locations":[{"start":{"line":46,"column":8},"end":{"line":46,"column":8}},{"start":{"line":46,"column":8},"end":{"line":46,"column":8}}]},"3":{"line":75,"type":"if","locations":[{"start":{"line":75,"column":8},"end":{"line":75,"column":8}},{"start":{"line":75,"column":8},"end":{"line":75,"column":8}}]}}},
"contracts/JoinPolicies/ERC20JoinPolicy.sol":{"l":{"33":9,"34":8,"35":8,"39":6,"40":3,"52":1,"53":1,"54":1,"55":1,"66":3,"67":2,"68":2,"69":1,"70":1},"path":"/home/bearni/streamr/network-contracts.git/packages/chat-contracts/contracts/JoinPolicies/ERC20JoinPolicy.sol","s":{"1":9,"2":8,"3":8,"4":6,"5":1,"6":1,"7":1,"8":1,"9":3,"10":2,"11":2,"12":1,"13":1},"b":{"1":[8,1],"2":[3,3],"3":[1,1]},"f":{"1":9,"2":6,"3":1,"4":3},"fnMap":{"1":{"name":"constructor","line":32,"loc":{"start":{"line":18,"column":4},"end":{"line":36,"column":4}}},"2":{"name":"canJoin","line":38,"loc":{"start":{"line":38,"column":4},"end":{"line":41,"column":4}}},"3":{"name":"depositStake","line":50,"loc":{"start":{"line":43,"column":4},"end":{"line":56,"column":4}}},"4":{"name":"withdrawStake","line":64,"loc":{"start":{"line":58,"column":4},"end":{"line":72,"column":4}}}},"statementMap":{"1":{"start":{"line":33,"column":8},"end":{"line":33,"column":65}},"2":{"start":{"line":34,"column":8},"end":{"line":34,"column":35}},"3":{"start":{"line":35,"column":8},"end":{"line":35,"column":47}},"4":{"start":{"line":39,"column":8},"end":{"line":39,"column":90}},"5":{"start":{"line":52,"column":8},"end":{"line":52,"column":60}},"6":{"start":{"line":53,"column":8},"end":{"line":53,"column":72}},"7":{"start":{"line":54,"column":8},"end":{"line":54,"column":91}},"8":{"start":{"line":55,"column":8},"end":{"line":55,"column":42}},"9":{"start":{"line":66,"column":8},"end":{"line":66,"column":41}},"10":{"start":{"line":67,"column":8},"end":{"line":67,"column":72}},"11":{"start":{"line":68,"column":8},"end":{"line":68,"column":2136}},"12":{"start":{"line":69,"column":12},"end":{"line":69,"column":95}},"13":{"start":{"line":70,"column":12},"end":{"line":70,"column":46}}},"branchMap":{"1":{"line":33,"type":"if","locations":[{"start":{"line":33,"column":8},"end":{"line":33,"column":8}},{"start":{"line":33,"column":8},"end":{"line":33,"column":8}}]},"2":{"line":39,"type":"if","locations":[{"start":{"line":39,"column":8},"end":{"line":39,"column":8}},{"start":{"line":39,"column":8},"end":{"line":39,"column":8}}]},"3":{"line":68,"type":"if","locations":[{"start":{"line":68,"column":8},"end":{"line":68,"column":8}},{"start":{"line":68,"column":8},"end":{"line":68,"column":8}}]}}},
"contracts/JoinPolicies/ERC721JoinPolicy.sol":{"l":{"32":8,"33":8,"37":6,"38":3,"50":1,"51":1,"52":1,"53":1,"64":2,"65":1,"66":1,"67":1},"path":"/home/bearni/streamr/network-contracts.git/packages/chat-contracts/contracts/JoinPolicies/ERC721JoinPolicy.sol","s":{"1":8,"2":8,"3":6,"4":1,"5":1,"6":1,"7":1,"8":2,"9":1,"10":1,"11":1},"b":{"1":[3,3]},"f":{"1":8,"2":6,"3":1,"4":2},"fnMap":{"1":{"name":"constructor","line":31,"loc":{"start":{"line":17,"column":4},"end":{"line":34,"column":4}}},"2":{"name":"canJoin","line":36,"loc":{"start":{"line":36,"column":4},"end":{"line":39,"column":4}}},"3":{"name":"depositStake","line":48,"loc":{"start":{"line":41,"column":4},"end":{"line":54,"column":4}}},"4":{"name":"withdrawStake","line":62,"loc":{"start":{"line":56,"column":4},"end":{"line":68,"column":4}}}},"statementMap":{"1":{"start":{"line":32,"column":8},"end":{"line":32,"column":36}},"2":{"start":{"line":33,"column":8},"end":{"line":33,"column":25}},"3":{"start":{"line":37,"column":8},"end":{"line":37,"column":77}},"4":{"start":{"line":50,"column":8},"end":{"line":50,"column":65}},"5":{"start":{"line":51,"column":8},"end":{"line":51,"column":31}},"6":{"start":{"line":52,"column":8},"end":{"line":52,"column":91}},"7":{"start":{"line":53,"column":8},"end":{"line":53,"column":42}},"8":{"start":{"line":64,"column":7},"end":{"line":64,"column":64}},"9":{"start":{"line":65,"column":9},"end":{"line":65,"column":32}},"10":{"start":{"line":66,"column":9},"end":{"line":66,"column":92}},"11":{"start":{"line":67,"column":9},"end":{"line":67,"column":43}}},"branchMap":{"1":{"line":37,"type":"if","locations":[{"start":{"line":37,"column":8},"end":{"line":37,"column":8}},{"start":{"line":37,"column":8},"end":{"line":37,"column":8}}]}}},
"contracts/JoinPolicies/ERC777JoinPolicy.sol":{"l":{"40":9,"41":8,"42":8,"43":8,"44":8,"48":6,"49":3,"61":1,"62":1,"63":1,"64":1,"75":3,"76":2,"77":2,"78":1,"79":1},"path":"/home/bearni/streamr/network-contracts.git/packages/chat-contracts/contracts/JoinPolicies/ERC777JoinPolicy.sol","s":{"1":9,"2":8,"3":8,"4":8,"5":8,"6":6,"7":1,"8":1,"9":1,"10":1,"11":3,"12":2,"13":2,"14":1,"15":1},"b":{"1":[8,1],"2":[3,3],"3":[1,1]},"f":{"1":9,"2":6,"3":1,"4":3,"5":1,"6":3},"fnMap":{"1":{"name":"constructor","line":39,"loc":{"start":{"line":25,"column":4},"end":{"line":45,"column":4}}},"2":{"name":"canJoin","line":47,"loc":{"start":{"line":47,"column":4},"end":{"line":50,"column":4}}},"3":{"name":"depositStake","line":59,"loc":{"start":{"line":52,"column":4},"end":{"line":65,"column":4}}},"4":{"name":"withdrawStake","line":73,"loc":{"start":{"line":67,"column":4},"end":{"line":81,"column":4}}},"5":{"name":"tokensReceived","line":83,"loc":{"start":{"line":83,"column":4},"end":{"line":92,"column":4}}},"6":{"name":"tokensToSend","line":94,"loc":{"start":{"line":94,"column":4},"end":{"line":103,"column":4}}}},"statementMap":{"1":{"start":{"line":40,"column":8},"end":{"line":40,"column":65}},"2":{"start":{"line":41,"column":8},"end":{"line":41,"column":37}},"3":{"start":{"line":42,"column":8},"end":{"line":42,"column":102}},"4":{"start":{"line":43,"column":8},"end":{"line":43,"column":99}},"5":{"start":{"line":44,"column":8},"end":{"line":44,"column":47}},"6":{"start":{"line":48,"column":8},"end":{"line":48,"column":90}},"7":{"start":{"line":61,"column":8},"end":{"line":61,"column":68}},"8":{"start":{"line":62,"column":8},"end":{"line":62,"column":72}},"9":{"start":{"line":63,"column":8},"end":{"line":63,"column":91}},"10":{"start":{"line":64,"column":8},"end":{"line":64,"column":42}},"11":{"start":{"line":75,"column":8},"end":{"line":75,"column":41}},"12":{"start":{"line":76,"column":8},"end":{"line":76,"column":72}},"13":{"start":{"line":77,"column":8},"end":{"line":77,"column":2782}},"14":{"start":{"line":78,"column":12},"end":{"line":78,"column":95}},"15":{"start":{"line":79,"column":12},"end":{"line":79,"column":46}}},"branchMap":{"1":{"line":40,"type":"if","locations":[{"start":{"line":40,"column":8},"end":{"line":40,"column":8}},{"start":{"line":40,"column":8},"end":{"line":40,"column":8}}]},"2":{"line":48,"type":"if","locations":[{"start":{"line":48,"column":8},"end":{"line":48,"column":8}},{"start":{"line":48,"column":8},"end":{"line":48,"column":8}}]},"3":{"line":77,"type":"if","locations":[{"start":{"line":77,"column":8},"end":{"line":77,"column":8}},{"start":{"line":77,"column":8},"end":{"line":77,"column":8}}]}}},
"contracts/JoinPolicyRegistry.sol":{"l":{"32":11,"33":11,"43":10,"44":10,"45":5,"47":5,"48":5,"64":5},"path":"/home/bearni/streamr/network-contracts.git/packages/chat-contracts/contracts/JoinPolicyRegistry.sol","s":{"1":11,"2":11,"3":10,"4":10,"5":5,"6":5,"7":5,"8":5},"b":{"1":[5,5]},"f":{"1":6,"2":11,"3":10,"4":5},"fnMap":{"1":{"name":"constructor","line":24,"loc":{"start":{"line":24,"column":4},"end":{"line":24,"column":18}}},"2":{"name":"canBeRegistered","line":26,"loc":{"start":{"line":26,"column":4},"end":{"line":34,"column":4}}},"3":{"name":"register","line":36,"loc":{"start":{"line":36,"column":4},"end":{"line":55,"column":4}}},"4":{"name":"getPolicy","line":58,"loc":{"start":{"line":58,"column":4},"end":{"line":65,"column":4}}}},"statementMap":{"1":{"start":{"line":32,"column":8},"end":{"line":32,"column":92}},"2":{"start":{"line":33,"column":8},"end":{"line":33,"column":75}},"3":{"start":{"line":43,"column":8},"end":{"line":43,"column":120}},"4":{"start":{"line":44,"column":8},"end":{"line":44,"column":59}},"5":{"start":{"line":45,"column":8},"end":{"line":45,"column":56}},"6":{"start":{"line":47,"column":8},"end":{"line":47,"column":85}},"7":{"start":{"line":48,"column":8},"end":{"line":48,"column":1768}},"8":{"start":{"line":64,"column":8},"end":{"line":64,"column":76}}},"branchMap":{"1":{"line":44,"type":"if","locations":[{"start":{"line":44,"column":8},"end":{"line":44,"column":8}},{"start":{"line":44,"column":8},"end":{"line":44,"column":8}}]}}},
"contracts/TestTokens/ERC1155TestToken.sol":{"l":{"10":2},"path":"/home/bearni/streamr/network-contracts.git/packages/chat-contracts/contracts/TestTokens/ERC1155TestToken.sol","s":{"1":2},"b":{},"f":{"1":6,"2":2},"fnMap":{"1":{"name":"constructor","line":7,"loc":{"start":{"line":7,"column":4},"end":{"line":7,"column":41}}},"2":{"name":"mint","line":9,"loc":{"start":{"line":9,"column":4},"end":{"line":11,"column":4}}}},"statementMap":{"1":{"start":{"line":10,"column":8},"end":{"line":10,"column":41}}},"branchMap":{}},
"contracts/TestTokens/ERC20TestToken.sol":{"l":{"10":3},"path":"/home/bearni/streamr/network-contracts.git/packages/chat-contracts/contracts/TestTokens/ERC20TestToken.sol","s":{"1":3},"b":{},"f":{"1":6,"2":3},"fnMap":{"1":{"name":"constructor","line":7,"loc":{"start":{"line":7,"column":4},"end":{"line":7,"column":46}}},"2":{"name":"mint","line":9,"loc":{"start":{"line":9,"column":4},"end":{"line":11,"column":4}}}},"statementMap":{"1":{"start":{"line":10,"column":8},"end":{"line":10,"column":29}}},"branchMap":{}},
"contracts/TestTokens/ERC721TestToken.sol":{"l":{"10":2},"path":"/home/bearni/streamr/network-contracts.git/packages/chat-contracts/contracts/TestTokens/ERC721TestToken.sol","s":{"1":2},"b":{},"f":{"1":6,"2":2},"fnMap":{"1":{"name":"constructor","line":7,"loc":{"start":{"line":7,"column":4},"end":{"line":7,"column":47}}},"2":{"name":"mint","line":9,"loc":{"start":{"line":9,"column":4},"end":{"line":11,"column":4}}}},"statementMap":{"1":{"start":{"line":10,"column":8},"end":{"line":10,"column":30}}},"branchMap":{}},
"contracts/TestTokens/ERC777TestToken.sol":{"l":{"11":3},"path":"/home/bearni/streamr/network-contracts.git/packages/chat-contracts/contracts/TestTokens/ERC777TestToken.sol","s":{"1":3},"b":{},"f":{"1":6,"2":3},"fnMap":{"1":{"name":"constructor","line":8,"loc":{"start":{"line":8,"column":4},"end":{"line":8,"column":66}}},"2":{"name":"mint","line":10,"loc":{"start":{"line":10,"column":4},"end":{"line":12,"column":4}}}},"statementMap":{"1":{"start":{"line":11,"column":8},"end":{"line":11,"column":37}}},"branchMap":{}}}
