TN:
SF:/home/bearni/streamr/network-contracts.git/packages/chat-contracts/contracts/DelegatedAccessRegistry.sol
FN:21,constructor
FN:23,verifyDelegationChallenge
FN:51,authorize
FN:59,revoke
FN:67,isUserAuthorized
FN:71,isAuthorized
FN:75,getMainWalletFor
FN:79,getDelegatedWalletFor
FN:83,isMainWallet
FN:87,isDelegatedWallet
FN:91,isWalletKnown
FN:95,areMainWallets
FN:103,areDelegatedWallets
FN:111,areWalletsKnown
FNF:14
FNH:14
FNDA:18,constructor
FNDA:14,verifyDelegationChallenge
FNDA:12,authorize
FNDA:2,revoke
FNDA:5,isUserAuthorized
FNDA:2,isAuthorized
FNDA:4,getMainWalletFor
FNDA:13,getDelegatedWalletFor
FNDA:50,isMainWallet
FNDA:9,isDelegatedWallet
FNDA:7,isWalletKnown
FNDA:1,areMainWallets
FNDA:1,areDelegatedWallets
FNDA:1,areWalletsKnown
DA:28,14
DA:32,12
DA:37,12
DA:38,1
DA:41,12
DA:43,11
DA:48,11
DA:52,12
DA:53,10
DA:54,10
DA:55,10
DA:56,10
DA:60,2
DA:61,1
DA:62,1
DA:63,1
DA:64,1
DA:68,5
DA:72,2
DA:76,4
DA:80,13
DA:84,50
DA:88,9
DA:92,7
DA:96,1
DA:97,1
DA:98,2
DA:100,1
DA:104,1
DA:105,1
DA:106,2
DA:108,1
DA:112,1
DA:113,1
DA:114,3
DA:116,1
LF:36
LH:36
BRDA:28,1,0,12
BRDA:28,1,1,2
BRDA:37,2,0,1
BRDA:37,2,1,11
BRDA:41,3,0,11
BRDA:41,3,1,1
BRDA:52,4,0,10
BRDA:52,4,1,2
BRDA:60,5,0,1
BRDA:60,5,1,1
BRF:10
BRH:10
end_of_record
TN:
SF:/home/bearni/streamr/network-contracts.git/packages/chat-contracts/contracts/Deployers/ERC1155PolicyDeployer.sol
FN:17,constructor
FN:19,deploy
FNF:2
FNH:2
FNDA:3,constructor
FNDA:2,deploy
DA:27,2
DA:37,2
DA:38,2
LF:3
LH:3
BRF:0
BRH:0
end_of_record
TN:
SF:/home/bearni/streamr/network-contracts.git/packages/chat-contracts/contracts/Deployers/ERC20PolicyDeployer.sol
FN:17,constructor
FN:19,deploy
FNF:2
FNH:2
FNDA:3,constructor
FNDA:2,deploy
DA:27,2
DA:36,2
DA:37,2
LF:3
LH:3
BRF:0
BRH:0
end_of_record
TN:
SF:/home/bearni/streamr/network-contracts.git/packages/chat-contracts/contracts/Deployers/ERC721PolicyDeployer.sol
FN:17,constructor
FN:19,deploy
FNF:2
FNH:2
FNDA:3,constructor
FNDA:2,deploy
DA:27,2
DA:36,2
DA:37,2
LF:3
LH:3
BRF:0
BRH:0
end_of_record
TN:
SF:/home/bearni/streamr/network-contracts.git/packages/chat-contracts/contracts/Deployers/ERC777PolicyDeployer.sol
FN:17,constructor
FN:19,deploy
FNF:2
FNH:2
FNDA:3,constructor
FNDA:2,deploy
DA:27,2
DA:36,2
DA:37,2
LF:3
LH:3
BRF:0
BRH:0
end_of_record
TN:
SF:/home/bearni/streamr/network-contracts.git/packages/chat-contracts/contracts/Deployers/TokenGateDeployer.sol
FN:14,constructor
FNF:1
FNH:1
FNDA:12,constructor
DA:19,12
DA:20,12
DA:21,12
LF:3
LH:3
BRF:0
BRH:0
end_of_record
TN:
SF:/home/bearni/streamr/network-contracts.git/packages/chat-contracts/contracts/JoinPolicies/ERC1155JoinPolicy.sol
FN:37,constructor
FN:45,canJoin
FN:57,depositStake
FN:71,withdrawStake
FNF:4
FNH:4
FNDA:9,constructor
FNDA:6,canJoin
FNDA:1,depositStake
FNDA:3,withdrawStake
DA:38,9
DA:39,8
DA:40,8
DA:41,8
DA:42,8
DA:46,6
DA:47,3
DA:59,1
DA:60,1
DA:61,1
DA:62,1
DA:73,3
DA:74,2
DA:75,2
DA:76,1
DA:77,1
LF:16
LH:16
BRDA:38,1,0,8
BRDA:38,1,1,1
BRDA:46,2,0,3
BRDA:46,2,1,3
BRDA:75,3,0,1
BRDA:75,3,1,1
BRF:6
BRH:6
end_of_record
TN:
SF:/home/bearni/streamr/network-contracts.git/packages/chat-contracts/contracts/JoinPolicies/ERC20JoinPolicy.sol
FN:32,constructor
FN:38,canJoin
FN:50,depositStake
FN:64,withdrawStake
FNF:4
FNH:4
FNDA:9,constructor
FNDA:6,canJoin
FNDA:1,depositStake
FNDA:3,withdrawStake
DA:33,9
DA:34,8
DA:35,8
DA:39,6
DA:40,3
DA:52,1
DA:53,1
DA:54,1
DA:55,1
DA:66,3
DA:67,2
DA:68,2
DA:69,1
DA:70,1
LF:14
LH:14
BRDA:33,1,0,8
BRDA:33,1,1,1
BRDA:39,2,0,3
BRDA:39,2,1,3
BRDA:68,3,0,1
BRDA:68,3,1,1
BRF:6
BRH:6
end_of_record
TN:
SF:/home/bearni/streamr/network-contracts.git/packages/chat-contracts/contracts/JoinPolicies/ERC721JoinPolicy.sol
FN:31,constructor
FN:36,canJoin
FN:48,depositStake
FN:62,withdrawStake
FNF:4
FNH:4
FNDA:8,constructor
FNDA:6,canJoin
FNDA:1,depositStake
FNDA:2,withdrawStake
DA:32,8
DA:33,8
DA:37,6
DA:38,3
DA:50,1
DA:51,1
DA:52,1
DA:53,1
DA:64,2
DA:65,1
DA:66,1
DA:67,1
LF:12
LH:12
BRDA:37,1,0,3
BRDA:37,1,1,3
BRF:2
BRH:2
end_of_record
TN:
SF:/home/bearni/streamr/network-contracts.git/packages/chat-contracts/contracts/JoinPolicies/ERC777JoinPolicy.sol
FN:39,constructor
FN:47,canJoin
FN:59,depositStake
FN:73,withdrawStake
FN:83,tokensReceived
FN:94,tokensToSend
FNF:6
FNH:6
FNDA:9,constructor
FNDA:6,canJoin
FNDA:1,depositStake
FNDA:3,withdrawStake
FNDA:1,tokensReceived
FNDA:3,tokensToSend
DA:40,9
DA:41,8
DA:42,8
DA:43,8
DA:44,8
DA:48,6
DA:49,3
DA:61,1
DA:62,1
DA:63,1
DA:64,1
DA:75,3
DA:76,2
DA:77,2
DA:78,1
DA:79,1
LF:16
LH:16
BRDA:40,1,0,8
BRDA:40,1,1,1
BRDA:48,2,0,3
BRDA:48,2,1,3
BRDA:77,3,0,1
BRDA:77,3,1,1
BRF:6
BRH:6
end_of_record
TN:
SF:/home/bearni/streamr/network-contracts.git/packages/chat-contracts/contracts/JoinPolicyRegistry.sol
FN:24,constructor
FN:26,canBeRegistered
FN:36,register
FN:58,getPolicy
FNF:4
FNH:4
FNDA:6,constructor
FNDA:11,canBeRegistered
FNDA:10,register
FNDA:5,getPolicy
DA:32,11
DA:33,11
DA:43,10
DA:44,10
DA:45,5
DA:47,5
DA:48,5
DA:64,5
LF:8
LH:8
BRDA:44,1,0,5
BRDA:44,1,1,5
BRF:2
BRH:2
end_of_record
TN:
SF:/home/bearni/streamr/network-contracts.git/packages/chat-contracts/contracts/TestTokens/ERC1155TestToken.sol
FN:7,constructor
FN:9,mint
FNF:2
FNH:2
FNDA:6,constructor
FNDA:2,mint
DA:10,2
LF:1
LH:1
BRF:0
BRH:0
end_of_record
TN:
SF:/home/bearni/streamr/network-contracts.git/packages/chat-contracts/contracts/TestTokens/ERC20TestToken.sol
FN:7,constructor
FN:9,mint
FNF:2
FNH:2
FNDA:6,constructor
FNDA:3,mint
DA:10,3
LF:1
LH:1
BRF:0
BRH:0
end_of_record
TN:
SF:/home/bearni/streamr/network-contracts.git/packages/chat-contracts/contracts/TestTokens/ERC721TestToken.sol
FN:7,constructor
FN:9,mint
FNF:2
FNH:2
FNDA:6,constructor
FNDA:2,mint
DA:10,2
LF:1
LH:1
BRF:0
BRH:0
end_of_record
TN:
SF:/home/bearni/streamr/network-contracts.git/packages/chat-contracts/contracts/TestTokens/ERC777TestToken.sol
FN:8,constructor
FN:10,mint
FNF:2
FNH:2
FNDA:6,constructor
FNDA:3,mint
DA:11,3
LF:1
LH:1
BRF:0
BRH:0
end_of_record
